[2026-03-26T00:26:45.207Z] [INFO] Iniciando leitura do arquivo Excel: Template_Beneficios_GreenHouse.xlsx (9209 bytes) 
[2026-03-26T00:26:45.285Z] [INFO] Planilha lida validada com sucesso. Colaboradores: 1 {"file":"Template_Beneficios_GreenHouse.xlsx"}
[2026-03-26T00:35:56.891Z] [INFO] Iniciando leitura do arquivo Excel: Template_Beneficios_GreenHouse.xlsx (9209 bytes) 
[2026-03-26T00:35:57.054Z] [INFO] Planilha lida validada com sucesso. Colaboradores: 1 {"file":"Template_Beneficios_GreenHouse.xlsx"}
[2026-03-26T00:36:24.719Z] [INFO] Iniciando leitura do arquivo Excel: Template_Beneficios_GreenHouse.xlsx (9209 bytes) 
[2026-03-26T00:36:24.785Z] [INFO] Planilha lida validada com sucesso. Colaboradores: 1 {"file":"Template_Beneficios_GreenHouse.xlsx"}
[2026-03-26T00:38:37.383Z] [INFO] PDF gerado para CPF: 11122233344 {"id":"bc0867ad-c814-4349-8bfb-12f7c9b02949","values":{"va":973.98,"vt":231}}
[2026-03-26T00:38:37.434Z] [INFO] Lote processado com sucesso. Registros: 1 
[2026-03-26T00:41:22.826Z] [INFO] Iniciando leitura do arquivo Excel: Template_Beneficios_GreenHouse.xlsx (9209 bytes) 
[2026-03-26T00:41:22.968Z] [INFO] Planilha lida validada com sucesso. Colaboradores: 1 {"file":"Template_Beneficios_GreenHouse.xlsx"}
[2026-03-26T00:41:27.036Z] [INFO] PDF gerado para CPF: 11122233344 {"id":"30cf08ed-8ad7-43e0-be71-53f2487891f3","values":{"va":973.98,"vt":231}}
[2026-03-26T00:41:27.043Z] [INFO] Lote processado com sucesso. Registros: 1 
[2026-03-26T00:48:47.726Z] [INFO] Iniciando leitura do arquivo Excel: Template_Beneficios_GreenHouse.xlsx (9209 bytes) 
[2026-03-26T00:48:47.809Z] [INFO] Planilha lida validada com sucesso. Colaboradores: 1 {"file":"Template_Beneficios_GreenHouse.xlsx"}
[2026-03-26T00:48:52.937Z] [INFO] PDF gerado para CPF: 11122233344 {"id":"be89c97e-a774-4d93-9f96-cd78bd73f753","values":{"va":973.98,"vt":231}}
[2026-03-26T00:48:52.951Z] [INFO] Lote processado com sucesso. Registros: 1 
[2026-03-26T00:49:05.266Z] [INFO] Iniciando leitura do arquivo Excel: Template_Beneficios_GreenHouse.xlsx (9209 bytes) 
[2026-03-26T00:49:05.293Z] [INFO] Planilha lida validada com sucesso. Colaboradores: 1 {"file":"Template_Beneficios_GreenHouse.xlsx"}
[2026-03-26T00:49:07.155Z] [INFO] PDF gerado para CPF: 11122233344 {"id":"7c34b602-d687-432a-972d-9161d44b61ec","values":{"va":973.98,"vt":231}}
[2026-03-26T00:49:07.161Z] [INFO] Lote processado com sucesso. Registros: 1 
[2026-03-26T00:49:24.242Z] [INFO] Iniciando leitura do arquivo Excel: Template_Beneficios_GreenHouse.xlsx (9209 bytes) 
[2026-03-26T00:49:24.261Z] [INFO] Planilha lida validada com sucesso. Colaboradores: 1 {"file":"Template_Beneficios_GreenHouse.xlsx"}
[2026-03-26T00:49:26.858Z] [INFO] PDF gerado para CPF: 11122233344 {"id":"9903c34e-cf01-45a6-9896-cf77b0fb3393","values":{"va":973.98,"vt":231}}
[2026-03-26T00:49:26.866Z] [INFO] Lote processado com sucesso. Registros: 1 
[2026-03-26T00:54:34.839Z] [INFO] Iniciando leitura do arquivo Excel: Template_Beneficios_GreenHouse.xlsx (9209 bytes) 
[2026-03-26T00:54:34.912Z] [INFO] Planilha lida validada com sucesso. Colaboradores: 1 {"file":"Template_Beneficios_GreenHouse.xlsx"}
[2026-03-26T00:54:43.626Z] [INFO] PDF gerado para CPF: 11122233344 {"id":"a6d7e414-6179-4764-8c50-4fcf3cd99f45","values":{"va":973.98,"vt":231}}
[2026-03-26T00:54:43.633Z] [INFO] Lote processado com sucesso. Registros: 1 
[2026-03-26T01:07:04.334Z] [INFO] Iniciando leitura do arquivo Excel: Template_Beneficios_GreenHouse.xlsx (9209 bytes) 
[2026-03-26T01:07:04.375Z] [INFO] Planilha lida validada com sucesso. Colaboradores: 1 {"file":"Template_Beneficios_GreenHouse.xlsx"}
[2026-03-26T01:07:06.148Z] [INFO] PDF gerado para CPF: 11122233344 {"id":"6c7d7ecd-ef04-47c2-8235-b44d70389e9e","values":{"va":973.98,"vt":231}}
[2026-03-26T01:07:06.155Z] [INFO] Lote processado com sucesso. Registros: 1 
[2026-03-26T01:09:50.912Z] [INFO] Iniciando leitura do arquivo Excel: Template_Beneficios_GreenHouse.xlsx (9209 bytes) 
[2026-03-26T01:09:51.087Z] [INFO] Planilha lida validada com sucesso. Colaboradores: 1 {"file":"Template_Beneficios_GreenHouse.xlsx"}
[2026-03-26T01:09:55.537Z] [INFO] PDF Oficial gerado para CPF: 11122233344 {"id":"84919c0c-30c0-4afc-966e-568d8a0a07be"}
[2026-03-26T01:09:55.551Z] [INFO] Lote processado com sucesso. Registros: 1 
[2026-03-26T01:19:33.353Z] [INFO] Iniciando leitura do arquivo Excel: Template_Beneficios_Oficial.xlsx (19076 bytes) 
[2026-03-26T01:19:33.397Z] [INFO] Planilha lida validada com sucesso. Colaboradores: 1 {"file":"Template_Beneficios_Oficial.xlsx"}
[2026-03-26T01:19:36.822Z] [INFO] PDF Oficial gerado para CPF: 111.222.333-44 {"id":"2593734b-2d65-4605-8ddb-e444e34983d4"}
[2026-03-26T01:19:36.829Z] [INFO] Lote processado com sucesso. Registros: 1 
[2026-03-26T01:29:47.166Z] [INFO] Iniciando leitura do arquivo Excel: Template_Beneficios_Oficial (1).xlsx (19384 bytes) 
[2026-03-26T01:29:47.270Z] [INFO] Planilha lida validada com sucesso. Colaboradores: 1 {"file":"Template_Beneficios_Oficial (1).xlsx"}
[2026-03-26T01:30:00.642Z] [INFO] PDF Oficial gerado para CPF: 111.222.333-44 {"id":"a30ce7f2-fe49-4d8f-939e-85e80437c089"}
[2026-03-26T01:30:00.656Z] [INFO] Lote processado com sucesso. Registros: 1 
[2026-03-26T01:54:27.645Z] [INFO] Iniciando leitura do arquivo Excel: Template_Beneficios_Oficial (1).xlsx (19384 bytes) 
[2026-03-26T01:54:27.698Z] [INFO] Planilha lida validada com sucesso. Colaboradores: 1 {"file":"Template_Beneficios_Oficial (1).xlsx"}
[2026-03-26T01:54:31.247Z] [INFO] PDF Oficial gerado para CPF: 111.222.333-44 {"id":"46b2ec76-6316-49f3-91b6-f965c7cef4e4"}
[2026-03-26T01:54:31.260Z] [INFO] Lote processado com sucesso. Registros: 1 
[2026-03-26T02:01:01.438Z] [INFO] Iniciando leitura do arquivo Excel: Template_Beneficios_Oficial (2).xlsx (10065 bytes) 
[2026-03-26T02:01:01.499Z] [INFO] Planilha lida validada com sucesso. Colaboradores: 1 {"file":"Template_Beneficios_Oficial (2).xlsx"}
[2026-03-26T02:01:27.456Z] [ERROR] Erro catastrofico ao processar e gerar PDFs {"error":"TypeError: `text` must be of type `string`, but was actually of type `number`"}
[2026-03-26T02:01:34.589Z] [ERROR] Erro catastrofico ao processar e gerar PDFs {"error":"TypeError: `text` must be of type `string`, but was actually of type `number`"}
[2026-03-26T02:01:42.695Z] [INFO] Iniciando leitura do arquivo Excel: Template_Beneficios_Oficial (2).xlsx (10065 bytes) 
[2026-03-26T02:01:42.759Z] [INFO] Planilha lida validada com sucesso. Colaboradores: 1 {"file":"Template_Beneficios_Oficial (2).xlsx"}
[2026-03-26T02:01:44.586Z] [ERROR] Erro catastrofico ao processar e gerar PDFs {"error":"TypeError: `text` must be of type `string`, but was actually of type `number`"}
[2026-03-26T02:04:52.856Z] [INFO] Iniciando leitura do arquivo Excel: Template_Beneficios_Oficial (2).xlsx (10065 bytes) 
[2026-03-26T02:04:52.975Z] [INFO] Planilha lida validada com sucesso. Colaboradores: 1 {"file":"Template_Beneficios_Oficial (2).xlsx"}
[2026-03-26T02:04:56.333Z] [INFO] PDF Oficial gerado para CPF: 111.222.333-44 {"id":"e03cd40e-2996-41eb-a774-81fdad7db835"}
[2026-03-26T02:04:56.352Z] [INFO] Lote processado com sucesso. Registros: 1 
